[debug] [2023-01-30T16:12:01.346Z] ----------------------------------------------------------------------
[debug] [2023-01-30T16:12:01.349Z] Command:       C:\Program Files\nodejs\node.exe C:\Users\spoor\AppData\Roaming\npm\node_modules\firebase-tools\lib\bin\firebase.js init
[debug] [2023-01-30T16:12:01.349Z] CLI Version:   11.21.0
[debug] [2023-01-30T16:12:01.350Z] Platform:      win32
[debug] [2023-01-30T16:12:01.350Z] Node Version:  v18.13.0
[debug] [2023-01-30T16:12:01.351Z] Time:          Mon Jan 30 2023 21:42:01 GMT+0530 (India Standard Time)
[debug] [2023-01-30T16:12:01.351Z] ----------------------------------------------------------------------
[debug] 
[debug] [2023-01-30T16:12:01.431Z] > command requires scopes: ["email","openid","https://www.googleapis.com/auth/cloudplatformprojects.readonly","https://www.googleapis.com/auth/firebase","https://www.googleapis.com/auth/cloud-platform"]
[debug] [2023-01-30T16:12:01.432Z] > authorizing via signed-in user (spoortisutrave2002@gmail.com)
[info] 
     ######## #### ########  ######## ########     ###     ######  ########
     ##        ##  ##     ## ##       ##     ##  ##   ##  ##       ##
     ######    ##  ########  ######   ########  #########  ######  ######
     ##        ##  ##    ##  ##       ##     ## ##     ##       ## ##
     ##       #### ##     ## ######## ########  ##     ##  ######  ########

You're about to initialize a Firebase project in this directory:

  D:\OnlineFood-PHP

Before we get started, keep in mind:

  * You are initializing within an existing Firebase project directory

[info] 
=== Project Setup
[info] 
[info] First, let's associate this project directory with a Firebase project.
[info] You can create multiple project aliases by running firebase use --add, 
[info] but for now we'll just set up a default project.
[info] 
[debug] [2023-01-30T16:12:22.181Z] Using project from CLI flag: sss23-3ffa5
[debug] [2023-01-30T16:12:22.186Z] >>> [apiv2][query] GET https://firebase.googleapis.com/v1beta1/projects/sss23-3ffa5 [none]
[debug] [2023-01-30T16:12:24.547Z] <<< [apiv2][status] GET https://firebase.googleapis.com/v1beta1/projects/sss23-3ffa5 200
[debug] [2023-01-30T16:12:24.547Z] <<< [apiv2][body] GET https://firebase.googleapis.com/v1beta1/projects/sss23-3ffa5 {"projectId":"sss23-3ffa5","projectNumber":"831859719146","displayName":"sss23","name":"projects/sss23-3ffa5","resources":{"hostingSite":"sss23-3ffa5"},"state":"ACTIVE","etag":"1_bc1f5da7-216c-4f0f-9d9e-2c1d466e2537"}
[info] i  Using project sss23-3ffa5 (sss23) 
[info] 
=== Hosting Setup
[info] 
[info] Your public directory is the folder (relative to your project directory) that
[info] will contain Hosting assets to be uploaded with firebase deploy. If you
[info] have a build process for your assets, use your build's output directory.
[info] 
[debug] [2023-01-30T16:12:36.737Z] >>> [apiv2][query] GET https://www.gstatic.com/firebasejs/releases.json [none]
[debug] [2023-01-30T16:12:37.792Z] <<< [apiv2][status] GET https://www.gstatic.com/firebasejs/releases.json 200
[debug] [2023-01-30T16:12:37.793Z] <<< [apiv2][body] GET https://www.gstatic.com/firebasejs/releases.json {"current":{"version":"9.16.0","browserURL":"https://www.gstatic.com/firebasejs/9.16.0/firebase.js","packageURL":"https://www.gstatic.com/firebasejs/9.16.0/firebase.tgz"},"live":{"version":"9.16","browserURL":"https://www.gstatic.com/firebasejs/live/9.16/firebase.js","packageURL":"https://www.gstatic.com/firebasejs/live/9.16/firebase.tgz"},"components":{"analytics":"https://www.gstatic.com/firebasejs/9.16.0/firebase-analytics.js","app":"https://www.gstatic.com/firebasejs/9.16.0/firebase-app.js","app-check":"https://www.gstatic.com/firebasejs/9.16.0/firebase-app-check.js","auth":"https://www.gstatic.com/firebasejs/9.16.0/firebase-auth.js","auth/cordova":"https://www.gstatic.com/firebasejs/9.16.0/firebase-auth/cordova.js","auth/react-native":"https://www.gstatic.com/firebasejs/9.16.0/firebase-auth/react-native.js","functions":"https://www.gstatic.com/firebasejs/9.16.0/firebase-functions.js","firestore":"https://www.gstatic.com/firebasejs/9.16.0/firebase-firestore.js","firestore/lite":"https://www.gstatic.com/firebasejs/9.16.0/firebase-firestore/lite.js","installations":"https://www.gstatic.com/firebasejs/9.16.0/firebase-installations.js","storage":"https://www.gstatic.com/firebasejs/9.16.0/firebase-storage.js","performance":"https://www.gstatic.com/firebasejs/9.16.0/firebase-performance.js","remote-config":"https://www.gstatic.com/firebasejs/9.16.0/firebase-remote-config.js","messaging":"https://www.gstatic.com/firebasejs/9.16.0/firebase-messaging.js","messaging/sw":"https://www.gstatic.com/firebasejs/9.16.0/firebase-messaging/sw.js","database":"https://www.gstatic.com/firebasejs/9.16.0/firebase-database.js","firestore.memory":"https://www.gstatic.com/firebasejs/9.16.0/firebase-firestore.memory.js"}}
[info] i  Skipping write of public/index.html 
[info] 
[info] i  Didn't detect a .git folder. Assuming D:\OnlineFood-PHP is the project root. 
[info] i  Authorizing with GitHub to upload your service account to a GitHub repository's secrets store. 
[info] 
[info] Visit this URL on this device to log in:
[info] https://github.com/login/oauth/authorize?client_id=89cf50f02ac6aaed3484&state=1332524&redirect_uri=http%3A%2F%2Flocalhost%3A9005&scope=read%3Auser%20repo%20public_repo
[info] 
[info] Waiting for authentication...
[debug] [2023-01-30T16:14:48.737Z] ----------------------------------------------------------------------
[debug] [2023-01-30T16:14:48.739Z] Command:       C:\Program Files\nodejs\node.exe C:\Users\spoor\AppData\Roaming\npm\node_modules\firebase-tools\lib\bin\firebase.js init
[debug] [2023-01-30T16:14:48.740Z] CLI Version:   11.21.0
[debug] [2023-01-30T16:14:48.740Z] Platform:      win32
[debug] [2023-01-30T16:14:48.740Z] Node Version:  v18.13.0
[debug] [2023-01-30T16:14:48.741Z] Time:          Mon Jan 30 2023 21:44:48 GMT+0530 (India Standard Time)
[debug] [2023-01-30T16:14:48.741Z] ----------------------------------------------------------------------
[debug] 
[debug] [2023-01-30T16:14:48.817Z] > command requires scopes: ["email","openid","https://www.googleapis.com/auth/cloudplatformprojects.readonly","https://www.googleapis.com/auth/firebase","https://www.googleapis.com/auth/cloud-platform"]
[debug] [2023-01-30T16:14:48.817Z] > authorizing via signed-in user (spoortisutrave2002@gmail.com)
[info] 
     ######## #### ########  ######## ########     ###     ######  ########
     ##        ##  ##     ## ##       ##     ##  ##   ##  ##       ##
     ######    ##  ########  ######   ########  #########  ######  ######
     ##        ##  ##    ##  ##       ##     ## ##     ##       ## ##
     ##       #### ##     ## ######## ########  ##     ##  ######  ########

You're about to initialize a Firebase project in this directory:

  D:\OnlineFood-PHP

Before we get started, keep in mind:

  * You are initializing within an existing Firebase project directory

[info] 
=== Project Setup
[info] 
[info] First, let's associate this project directory with a Firebase project.
[info] You can create multiple project aliases by running firebase use --add, 
[info] but for now we'll just set up a default project.
[info] 
[debug] [2023-01-30T16:15:00.213Z] Using project from CLI flag: sss23-3ffa5
[debug] [2023-01-30T16:15:00.217Z] >>> [apiv2][query] GET https://firebase.googleapis.com/v1beta1/projects/sss23-3ffa5 [none]
[debug] [2023-01-30T16:15:01.825Z] <<< [apiv2][status] GET https://firebase.googleapis.com/v1beta1/projects/sss23-3ffa5 200
[debug] [2023-01-30T16:15:01.826Z] <<< [apiv2][body] GET https://firebase.googleapis.com/v1beta1/projects/sss23-3ffa5 {"projectId":"sss23-3ffa5","projectNumber":"831859719146","displayName":"sss23","name":"projects/sss23-3ffa5","resources":{"hostingSite":"sss23-3ffa5"},"state":"ACTIVE","etag":"1_bc1f5da7-216c-4f0f-9d9e-2c1d466e2537"}
[info] i  Using project sss23-3ffa5 (sss23) 
[info] 
=== Hosting Setup
[info] 
[info] Your public directory is the folder (relative to your project directory) that
[info] will contain Hosting assets to be uploaded with firebase deploy. If you
[info] have a build process for your assets, use your build's output directory.
[info] 
[info] i  Skipping write of public/404.html 
[debug] [2023-01-30T16:15:36.863Z] >>> [apiv2][query] GET https://www.gstatic.com/firebasejs/releases.json [none]
[debug] [2023-01-30T16:15:38.327Z] <<< [apiv2][status] GET https://www.gstatic.com/firebasejs/releases.json 200
[debug] [2023-01-30T16:15:38.327Z] <<< [apiv2][body] GET https://www.gstatic.com/firebasejs/releases.json {"current":{"version":"9.16.0","browserURL":"https://www.gstatic.com/firebasejs/9.16.0/firebase.js","packageURL":"https://www.gstatic.com/firebasejs/9.16.0/firebase.tgz"},"live":{"version":"9.16","browserURL":"https://www.gstatic.com/firebasejs/live/9.16/firebase.js","packageURL":"https://www.gstatic.com/firebasejs/live/9.16/firebase.tgz"},"components":{"analytics":"https://www.gstatic.com/firebasejs/9.16.0/firebase-analytics.js","app":"https://www.gstatic.com/firebasejs/9.16.0/firebase-app.js","app-check":"https://www.gstatic.com/firebasejs/9.16.0/firebase-app-check.js","auth":"https://www.gstatic.com/firebasejs/9.16.0/firebase-auth.js","auth/cordova":"https://www.gstatic.com/firebasejs/9.16.0/firebase-auth/cordova.js","auth/react-native":"https://www.gstatic.com/firebasejs/9.16.0/firebase-auth/react-native.js","functions":"https://www.gstatic.com/firebasejs/9.16.0/firebase-functions.js","firestore":"https://www.gstatic.com/firebasejs/9.16.0/firebase-firestore.js","firestore/lite":"https://www.gstatic.com/firebasejs/9.16.0/firebase-firestore/lite.js","installations":"https://www.gstatic.com/firebasejs/9.16.0/firebase-installations.js","storage":"https://www.gstatic.com/firebasejs/9.16.0/firebase-storage.js","performance":"https://www.gstatic.com/firebasejs/9.16.0/firebase-performance.js","remote-config":"https://www.gstatic.com/firebasejs/9.16.0/firebase-remote-config.js","messaging":"https://www.gstatic.com/firebasejs/9.16.0/firebase-messaging.js","messaging/sw":"https://www.gstatic.com/firebasejs/9.16.0/firebase-messaging/sw.js","database":"https://www.gstatic.com/firebasejs/9.16.0/firebase-database.js","firestore.memory":"https://www.gstatic.com/firebasejs/9.16.0/firebase-firestore.memory.js"}}
[info] i  Skipping write of public/index.html 
[info] 
[info] i  Didn't detect a .git folder. Assuming D:\OnlineFood-PHP is the project root. 
[info] i  Authorizing with GitHub to upload your service account to a GitHub repository's secrets store. 
[info] 
[info] Visit this URL on this device to log in:
[info] https://github.com/login/oauth/authorize?client_id=89cf50f02ac6aaed3484&state=887909017&redirect_uri=http%3A%2F%2Flocalhost%3A9005&scope=read%3Auser%20repo%20public_repo
[info] 
[info] Waiting for authentication...
[debug] [2023-01-30T16:16:10.637Z] >>> [apiv2][query] POST https://github.com/login/oauth/access_token [none]
[debug] [2023-01-30T16:16:10.637Z] >>> [apiv2][body] POST https://github.com/login/oauth/access_token [stream]
[debug] [2023-01-30T16:16:12.224Z] <<< [apiv2][status] POST https://github.com/login/oauth/access_token 200
[debug] [2023-01-30T16:16:12.224Z] <<< [apiv2][body] POST https://github.com/login/oauth/access_token {"access_token":"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","token_type":"bearer","scope":"read:user,repo"}
[debug] [2023-01-30T16:16:12.242Z] >>> [apiv2][query] GET https://api.github.com/user [none]
[debug] [2023-01-30T16:16:13.362Z] <<< [apiv2][status] GET https://api.github.com/user 200
[debug] [2023-01-30T16:16:13.362Z] <<< [apiv2][body] GET https://api.github.com/user {"login":"spoortisutrave","id":123811907,"node_id":"U_kgDOB2E4Qw","avatar_url":"https://avatars.githubusercontent.com/u/123811907?v=4","gravatar_id":"","url":"https://api.github.com/users/spoortisutrave","html_url":"https://github.com/spoortisutrave","followers_url":"https://api.github.com/users/spoortisutrave/followers","following_url":"https://api.github.com/users/spoortisutrave/following{/other_user}","gists_url":"https://api.github.com/users/spoortisutrave/gists{/gist_id}","starred_url":"https://api.github.com/users/spoortisutrave/starred{/owner}{/repo}","subscriptions_url":"https://api.github.com/users/spoortisutrave/subscriptions","organizations_url":"https://api.github.com/users/spoortisutrave/orgs","repos_url":"https://api.github.com/users/spoortisutrave/repos","events_url":"https://api.github.com/users/spoortisutrave/events{/privacy}","received_events_url":"https://api.github.com/users/spoortisutrave/received_events","type":"User","site_admin":false,"name":null,"company":null,"blog":"","location":null,"email":null,"hireable":null,"bio":null,"twitter_username":null,"public_repos":1,"public_gists":0,"followers":0,"following":0,"created_at":"2023-01-28T11:58:05Z","updated_at":"2023-01-28T11:58:05Z","private_gists":0,"total_private_repos":0,"owned_private_repos":0,"disk_usage":0,"collaborators":0,"two_factor_authentication":false,"plan":{"name":"free","space":976562499,"collaborators":0,"private_repos":10000}}
[info] 
[info] +  Success! Logged into GitHub as spoortisutrave 
[info] 
[debug] [2023-01-30T16:16:25.281Z] >>> [apiv2][query] GET https://api.github.com/repos//actions/secrets/public-key type=owner
[debug] [2023-01-30T16:16:26.558Z] <<< [apiv2][status] GET https://api.github.com/repos//actions/secrets/public-key 404
[debug] [2023-01-30T16:16:26.558Z] <<< [apiv2][body] GET https://api.github.com/repos//actions/secrets/public-key {"message":"Not Found","documentation_url":"https://docs.github.com/rest"}
[debug] [2023-01-30T16:16:27.873Z] >>> [apiv2][query] GET https://api.github.com/repos/n/actions/secrets/public-key type=owner
[debug] [2023-01-30T16:16:28.378Z] <<< [apiv2][status] GET https://api.github.com/repos/n/actions/secrets/public-key 404
[debug] [2023-01-30T16:16:28.379Z] <<< [apiv2][body] GET https://api.github.com/repos/n/actions/secrets/public-key {"message":"Not Found","documentation_url":"https://docs.github.com/rest"}
